

/******************************************************************************************
* WriteStepFile diagnostics.
* Date:                           Fri Aug 18 11:01:50 2023 
* Produced by:                    The EXPRESS Data Manager Version 5.02.0100.07 : 28 Aug 2013
* Module:                         EDMstepFileFactory/EDMstandAlone
* Host:                           DESKTOP-34SUPOF
* Database:                       C:\Users\A36D9~1.BAR\AppData\Local\Temp\1209fdab-acf9-4a68-9968-111bb4306dd2\8fa529cd-d1f7-48f9-b066-f8d861c51008\ifc
* Database version:               5507
* Database creation date:         Fri Aug 18 11:01:50 2023
* Model:                          DataRepository.ifc
* Model creation date:            Fri Aug 18 11:01:50 2023
* Header model:                   DataRepository.ifc_HeaderModel
* Header model creation date:     Fri Aug 18 11:01:50 2023
* Step file:                      Project1.ifc
* EDMuser:                        sdai-user
* EDMgroup:                       sdai-group
* License ID and type:            5605 : Permanent license. Expiry date: 
* EDMstepFileFactory options:     020000
******************************************************************************************/


------------------------------------------------------------------------------------------------
Operation terminated successfully.
------------------------------------------------------------------------------------------------

